2019-10-29 11:16:28,195 INFO [main][SpringApplication.java:675] - No active profile set, falling back to default profiles: default
2019-10-29 11:16:28,686 WARN [main][EndpointId.java:135] - Endpoint ID 'service-registry' contains invalid characters, please migrate to a valid format.
2019-10-29 11:16:28,846 INFO [main][GenericScope.java:294] - BeanFactory id=33c68227-122c-36dd-8028-a36de4f592a4
2019-10-29 11:16:28,911 INFO [main][PostProcessorRegistrationDelegate.java:330] - Bean 'org.springframework.cloud.autoconfigure.ConfigurationPropertiesRebinderAutoConfiguration' of type [org.springframework.cloud.autoconfigure.ConfigurationPropertiesRebinderAutoConfiguration$$EnhancerBySpringCGLIB$$7b560c47] is not eligible for getting processed by all BeanPostProcessors (for example: not eligible for auto-proxying)
2019-10-29 11:16:29,221 INFO [main][TomcatWebServer.java:90] - Tomcat initialized with port(s): 56080 (http)
2019-10-29 11:16:29,232 INFO [main][DirectJDKLog.java:173] - Initializing ProtocolHandler ["http-nio-56080"]
2019-10-29 11:16:29,238 INFO [main][DirectJDKLog.java:173] - Starting service [Tomcat]
2019-10-29 11:16:29,239 INFO [main][DirectJDKLog.java:173] - Starting Servlet engine: [Apache Tomcat/9.0.16]
2019-10-29 11:16:29,244 INFO [main][DirectJDKLog.java:173] - Loaded APR based Apache Tomcat Native library [1.2.21] using APR version [1.6.5].
2019-10-29 11:16:29,244 INFO [main][DirectJDKLog.java:173] - APR capabilities: IPv6 [true], sendfile [true], accept filters [false], random [true].
2019-10-29 11:16:29,244 INFO [main][DirectJDKLog.java:173] - APR/OpenSSL configuration: useAprConnector [false], useOpenSSL [true]
2019-10-29 11:16:29,247 INFO [main][DirectJDKLog.java:173] - OpenSSL successfully initialized [OpenSSL 1.1.1a  20 Nov 2018]
2019-10-29 11:16:29,341 INFO [main][DirectJDKLog.java:173] - Initializing Spring embedded WebApplicationContext
2019-10-29 11:16:29,342 INFO [main][ServletWebServerApplicationContext.java:296] - Root WebApplicationContext: initialization completed in 1137 ms
2019-10-29 11:16:29,414 WARN [main][URLConfigurationSource.java:121] - No URLs will be polled as dynamic configuration sources.
2019-10-29 11:16:29,415 INFO [main][URLConfigurationSource.java:122] - To enable URLs as dynamic configuration sources, define System property archaius.configurationSource.additionalUrls or make config.properties available on classpath.
2019-10-29 11:16:29,423 INFO [main][DynamicPropertyFactory.java:281] - DynamicPropertyFactory is initialized with configuration sources: com.netflix.config.ConcurrentCompositeConfiguration@5875de6a
2019-10-29 11:16:30,893 INFO [main][InetUtils.java:170] - Cannot determine local hostname
2019-10-29 11:16:31,061 INFO [main][WebApplicationImpl.java:815] - Initiating Jersey application, version 'Jersey: 1.19.1 03/11/2016 02:08 PM'
2019-10-29 11:16:31,112 INFO [main][DiscoveryJerseyProvider.java:70] - Using JSON encoding codec LegacyJacksonJson
2019-10-29 11:16:31,113 INFO [main][DiscoveryJerseyProvider.java:71] - Using JSON decoding codec LegacyJacksonJson
2019-10-29 11:16:31,193 INFO [main][DiscoveryJerseyProvider.java:80] - Using XML encoding codec XStreamXml
2019-10-29 11:16:31,193 INFO [main][DiscoveryJerseyProvider.java:81] - Using XML decoding codec XStreamXml
2019-10-29 11:16:31,422 WARN [main][URLConfigurationSource.java:121] - No URLs will be polled as dynamic configuration sources.
2019-10-29 11:16:31,422 INFO [main][URLConfigurationSource.java:122] - To enable URLs as dynamic configuration sources, define System property archaius.configurationSource.additionalUrls or make config.properties available on classpath.
2019-10-29 11:16:31,541 INFO [main][ExecutorConfigurationSupport.java:171] - Initializing ExecutorService 'applicationTaskExecutor'
2019-10-29 11:16:33,051 INFO [main][InetUtils.java:170] - Cannot determine local hostname
2019-10-29 11:16:33,105 INFO [main][InstanceInfoFactory.java:71] - Setting initial instance status as: STARTING
2019-10-29 11:16:33,126 INFO [main][DiscoveryClient.java:349] - Initializing Eureka in region us-east-1
2019-10-29 11:16:33,126 INFO [main][DiscoveryClient.java:352] - Client configured to neither register nor query for data.
2019-10-29 11:16:33,131 INFO [main][DiscoveryClient.java:365] - Discovery Client initialized at timestamp 1572318993130 with initial instances count: 0
2019-10-29 11:16:33,157 INFO [main][DefaultEurekaServerContext.java:63] - Initializing ...
2019-10-29 11:16:33,159 INFO [main][PeerEurekaNodes.java:188] - Adding new peer nodes [http://localhost:56080/eureka/]
2019-10-29 11:16:33,420 INFO [main][DiscoveryJerseyProvider.java:70] - Using JSON encoding codec LegacyJacksonJson
2019-10-29 11:16:33,420 INFO [main][DiscoveryJerseyProvider.java:71] - Using JSON decoding codec LegacyJacksonJson
2019-10-29 11:16:33,420 INFO [main][DiscoveryJerseyProvider.java:80] - Using XML encoding codec XStreamXml
2019-10-29 11:16:33,420 INFO [main][DiscoveryJerseyProvider.java:81] - Using XML decoding codec XStreamXml
2019-10-29 11:16:33,492 INFO [main][PeerEurekaNodes.java:110] - Replica node URL:  http://localhost:56080/eureka/
2019-10-29 11:16:33,498 INFO [main][AbstractInstanceRegistry.java:151] - Finished initializing remote region registries. All known remote regions: []
2019-10-29 11:16:33,499 INFO [main][DefaultEurekaServerContext.java:70] - Initialized
2019-10-29 11:16:33,507 INFO [main][EndpointLinksResolver.java:59] - Exposing 2 endpoint(s) beneath base path '/actuator'
2019-10-29 11:16:33,565 INFO [main][EurekaServiceRegistry.java:42] - Registering application SEATA-DEMO-DISCOVERY with eureka with status UP
2019-10-29 11:16:33,568 INFO [Thread-30][EurekaServerBootstrap.java:109] - Setting the eureka configuration..
2019-10-29 11:16:33,569 INFO [Thread-30][EurekaServerBootstrap.java:114] - Eureka data center value eureka.datacenter is not set, defaulting to default
2019-10-29 11:16:33,569 INFO [Thread-30][EurekaServerBootstrap.java:128] - Eureka environment value eureka.environment is not set, defaulting to test
2019-10-29 11:16:33,582 INFO [Thread-30][EurekaServerBootstrap.java:184] - isAws returned false
2019-10-29 11:16:33,583 INFO [Thread-30][EurekaServerBootstrap.java:152] - Initialized server context
2019-10-29 11:16:33,583 INFO [Thread-30][PeerAwareInstanceRegistryImpl.java:241] - Got 1 instances from neighboring DS node
2019-10-29 11:16:33,583 INFO [Thread-30][PeerAwareInstanceRegistryImpl.java:242] - Renew threshold is: 1
2019-10-29 11:16:33,583 INFO [Thread-30][PeerAwareInstanceRegistryImpl.java:253] - Changing status to UP
2019-10-29 11:16:33,584 INFO [main][DirectJDKLog.java:173] - Starting ProtocolHandler ["http-nio-56080"]
2019-10-29 11:16:33,590 INFO [Thread-30][EurekaServerInitializerConfiguration.java:72] - Started Eureka Server
2019-10-29 11:16:33,593 ERROR [main][DirectJDKLog.java:175] - Failed to start component [Connector[HTTP/1.1-56080]]
org.apache.catalina.LifecycleException: Protocol handler start failed
	at org.apache.catalina.connector.Connector.startInternal(Connector.java:1008)
	at org.apache.catalina.util.LifecycleBase.start(LifecycleBase.java:183)
	at org.apache.catalina.core.StandardService.addConnector(StandardService.java:226)
	at org.springframework.boot.web.embedded.tomcat.TomcatWebServer.addPreviouslyRemovedConnectors(TomcatWebServer.java:259)
	at org.springframework.boot.web.embedded.tomcat.TomcatWebServer.start(TomcatWebServer.java:197)
	at org.springframework.boot.web.servlet.context.ServletWebServerApplicationContext.startWebServer(ServletWebServerApplicationContext.java:311)
	at org.springframework.boot.web.servlet.context.ServletWebServerApplicationContext.finishRefresh(ServletWebServerApplicationContext.java:164)
	at org.springframework.context.support.AbstractApplicationContext.refresh(AbstractApplicationContext.java:552)
	at org.springframework.boot.web.servlet.context.ServletWebServerApplicationContext.refresh(ServletWebServerApplicationContext.java:142)
	at org.springframework.boot.SpringApplication.refresh(SpringApplication.java:775)
	at org.springframework.boot.SpringApplication.refreshContext(SpringApplication.java:397)
	at org.springframework.boot.SpringApplication.run(SpringApplication.java:316)
	at org.springframework.boot.SpringApplication.run(SpringApplication.java:1260)
	at org.springframework.boot.SpringApplication.run(SpringApplication.java:1248)
	at cn.itcast.dtx.discoverserver.DiscoveryServer.main(DiscoveryServer.java:14)
Caused by: java.net.BindException: Address already in use: bind
	at sun.nio.ch.Net.bind0(Native Method)
	at sun.nio.ch.Net.bind(Net.java:433)
	at sun.nio.ch.Net.bind(Net.java:425)
	at sun.nio.ch.ServerSocketChannelImpl.bind(ServerSocketChannelImpl.java:223)
	at sun.nio.ch.ServerSocketAdaptor.bind(ServerSocketAdaptor.java:74)
	at org.apache.tomcat.util.net.NioEndpoint.initServerSocket(NioEndpoint.java:236)
	at org.apache.tomcat.util.net.NioEndpoint.bind(NioEndpoint.java:210)
	at org.apache.tomcat.util.net.AbstractEndpoint.bindWithCleanup(AbstractEndpoint.java:1085)
	at org.apache.tomcat.util.net.AbstractEndpoint.start(AbstractEndpoint.java:1171)
	at org.apache.coyote.AbstractProtocol.start(AbstractProtocol.java:568)
	at org.apache.catalina.connector.Connector.startInternal(Connector.java:1005)
	... 14 more
2019-10-29 11:16:33,600 INFO [main][DirectJDKLog.java:173] - Pausing ProtocolHandler ["http-nio-56080"]
2019-10-29 11:16:33,600 INFO [main][DirectJDKLog.java:173] - Stopping service [Tomcat]
2019-10-29 11:16:33,603 WARN [main][DirectJDKLog.java:173] - The web application [ROOT] appears to have started a thread named [spring.cloud.inetutils] but has failed to stop it. This is very likely to create a memory leak. Stack trace of thread:
 java.net.Inet6AddressImpl.getHostByAddr(Native Method)
 java.net.InetAddress$2.getHostByAddr(InetAddress.java:933)
 java.net.InetAddress.getHostFromNameService(InetAddress.java:618)
 java.net.InetAddress.getHostName(InetAddress.java:560)
 java.net.InetAddress.getHostName(InetAddress.java:532)
 org.springframework.cloud.commons.util.InetUtils$$Lambda$94/1499867659.call(Unknown Source)
 java.util.concurrent.FutureTask.run(FutureTask.java:266)
 java.util.concurrent.ThreadPoolExecutor.runWorker(ThreadPoolExecutor.java:1149)
 java.util.concurrent.ThreadPoolExecutor$Worker.run(ThreadPoolExecutor.java:624)
 java.lang.Thread.run(Thread.java:748)
2019-10-29 11:16:33,605 INFO [main][DirectJDKLog.java:173] - The stop() method was called on component [StandardServer[-1]] after stop() had already been called. The second call will be ignored.
2019-10-29 11:16:33,605 INFO [main][DirectJDKLog.java:173] - Stopping ProtocolHandler ["http-nio-56080"]
2019-10-29 11:16:33,605 INFO [main][DirectJDKLog.java:173] - Destroying ProtocolHandler ["http-nio-56080"]
2019-10-29 11:16:33,608 INFO [main][ConditionEvaluationReportLoggingListener.java:142] - 

Error starting ApplicationContext. To display the conditions report re-run your application with 'debug' enabled.
2019-10-29 11:16:33,609 INFO [main][EurekaServiceRegistry.java:65] - Unregistering application SEATA-DEMO-DISCOVERY with eureka with status DOWN
2019-10-29 11:16:33,610 INFO [main][DefaultEurekaServerContext.java:76] - Shutting down ...
2019-10-29 11:16:33,612 INFO [main][DefaultEurekaServerContext.java:79] - Shut down
2019-10-29 11:16:33,615 INFO [main][ExecutorConfigurationSupport.java:208] - Shutting down ExecutorService 'applicationTaskExecutor'
2019-10-29 11:16:33,618 INFO [main][DiscoveryClient.java:888] - Shutting down DiscoveryClient ...
2019-10-29 11:16:33,618 INFO [main][DiscoveryClient.java:911] - Completed shut down of DiscoveryClient
2019-10-29 11:16:33,622 ERROR [main][LoggingFailureAnalysisReporter.java:42] - 

***************************
APPLICATION FAILED TO START
***************************

Description:

The Tomcat connector configured to listen on port 56080 failed to start. The port may already be in use or the connector may be misconfigured.

Action:

Verify the connector's configuration, identify and stop any process that's listening on port 56080, or configure this application to listen on another port.

