2019-10-28 18:09:00,481 INFO [main][SpringApplication.java:675] - No active profile set, falling back to default profiles: default
2019-10-28 18:09:01,645 WARN [main][EndpointId.java:135] - Endpoint ID 'service-registry' contains invalid characters, please migrate to a valid format.
2019-10-28 18:09:01,920 INFO [main][GenericScope.java:294] - BeanFactory id=33c68227-122c-36dd-8028-a36de4f592a4
2019-10-28 18:09:02,075 INFO [main][PostProcessorRegistrationDelegate.java:330] - Bean 'org.springframework.cloud.autoconfigure.ConfigurationPropertiesRebinderAutoConfiguration' of type [org.springframework.cloud.autoconfigure.ConfigurationPropertiesRebinderAutoConfiguration$$EnhancerBySpringCGLIB$$4ad70946] is not eligible for getting processed by all BeanPostProcessors (for example: not eligible for auto-proxying)
2019-10-28 18:09:02,417 INFO [main][TomcatWebServer.java:90] - Tomcat initialized with port(s): 56080 (http)
2019-10-28 18:09:02,428 INFO [main][DirectJDKLog.java:173] - Initializing ProtocolHandler ["http-nio-56080"]
2019-10-28 18:09:02,437 INFO [main][DirectJDKLog.java:173] - Starting service [Tomcat]
2019-10-28 18:09:02,438 INFO [main][DirectJDKLog.java:173] - Starting Servlet engine: [Apache Tomcat/9.0.16]
2019-10-28 18:09:02,444 INFO [main][DirectJDKLog.java:173] - Loaded APR based Apache Tomcat Native library [1.2.21] using APR version [1.6.5].
2019-10-28 18:09:02,444 INFO [main][DirectJDKLog.java:173] - APR capabilities: IPv6 [true], sendfile [true], accept filters [false], random [true].
2019-10-28 18:09:02,444 INFO [main][DirectJDKLog.java:173] - APR/OpenSSL configuration: useAprConnector [false], useOpenSSL [true]
2019-10-28 18:09:02,447 INFO [main][DirectJDKLog.java:173] - OpenSSL successfully initialized [OpenSSL 1.1.1a  20 Nov 2018]
2019-10-28 18:09:02,558 INFO [main][DirectJDKLog.java:173] - Initializing Spring embedded WebApplicationContext
2019-10-28 18:09:02,558 INFO [main][ServletWebServerApplicationContext.java:296] - Root WebApplicationContext: initialization completed in 2041 ms
2019-10-28 18:09:02,652 WARN [main][URLConfigurationSource.java:121] - No URLs will be polled as dynamic configuration sources.
2019-10-28 18:09:02,653 INFO [main][URLConfigurationSource.java:122] - To enable URLs as dynamic configuration sources, define System property archaius.configurationSource.additionalUrls or make config.properties available on classpath.
2019-10-28 18:09:02,712 INFO [main][DynamicPropertyFactory.java:281] - DynamicPropertyFactory is initialized with configuration sources: com.netflix.config.ConcurrentCompositeConfiguration@4277127c
2019-10-28 18:09:03,453 INFO [main][WebApplicationImpl.java:815] - Initiating Jersey application, version 'Jersey: 1.19.1 03/11/2016 02:08 PM'
2019-10-28 18:09:03,509 INFO [main][DiscoveryJerseyProvider.java:70] - Using JSON encoding codec LegacyJacksonJson
2019-10-28 18:09:03,509 INFO [main][DiscoveryJerseyProvider.java:71] - Using JSON decoding codec LegacyJacksonJson
2019-10-28 18:09:03,604 INFO [main][DiscoveryJerseyProvider.java:80] - Using XML encoding codec XStreamXml
2019-10-28 18:09:03,604 INFO [main][DiscoveryJerseyProvider.java:81] - Using XML decoding codec XStreamXml
2019-10-28 18:09:03,987 WARN [main][URLConfigurationSource.java:121] - No URLs will be polled as dynamic configuration sources.
2019-10-28 18:09:03,988 INFO [main][URLConfigurationSource.java:122] - To enable URLs as dynamic configuration sources, define System property archaius.configurationSource.additionalUrls or make config.properties available on classpath.
2019-10-28 18:09:04,117 INFO [main][ExecutorConfigurationSupport.java:171] - Initializing ExecutorService 'applicationTaskExecutor'
2019-10-28 18:09:04,690 INFO [main][InstanceInfoFactory.java:71] - Setting initial instance status as: STARTING
2019-10-28 18:09:04,718 INFO [main][DiscoveryClient.java:349] - Initializing Eureka in region us-east-1
2019-10-28 18:09:04,718 INFO [main][DiscoveryClient.java:352] - Client configured to neither register nor query for data.
2019-10-28 18:09:04,726 INFO [main][DiscoveryClient.java:365] - Discovery Client initialized at timestamp 1572257344725 with initial instances count: 0
2019-10-28 18:09:04,754 INFO [main][DefaultEurekaServerContext.java:63] - Initializing ...
2019-10-28 18:09:04,756 INFO [main][PeerEurekaNodes.java:188] - Adding new peer nodes [http://localhost:56080/eureka/]
2019-10-28 18:09:05,045 INFO [main][DiscoveryJerseyProvider.java:70] - Using JSON encoding codec LegacyJacksonJson
2019-10-28 18:09:05,045 INFO [main][DiscoveryJerseyProvider.java:71] - Using JSON decoding codec LegacyJacksonJson
2019-10-28 18:09:05,045 INFO [main][DiscoveryJerseyProvider.java:80] - Using XML encoding codec XStreamXml
2019-10-28 18:09:05,045 INFO [main][DiscoveryJerseyProvider.java:81] - Using XML decoding codec XStreamXml
2019-10-28 18:09:05,143 INFO [main][PeerEurekaNodes.java:110] - Replica node URL:  http://localhost:56080/eureka/
2019-10-28 18:09:05,150 INFO [main][AbstractInstanceRegistry.java:151] - Finished initializing remote region registries. All known remote regions: []
2019-10-28 18:09:05,151 INFO [main][DefaultEurekaServerContext.java:70] - Initialized
2019-10-28 18:09:05,159 INFO [main][EndpointLinksResolver.java:59] - Exposing 2 endpoint(s) beneath base path '/actuator'
2019-10-28 18:09:05,228 INFO [main][EurekaServiceRegistry.java:42] - Registering application SEATA-DEMO-DISCOVERY with eureka with status UP
2019-10-28 18:09:05,231 INFO [Thread-23][EurekaServerBootstrap.java:109] - Setting the eureka configuration..
2019-10-28 18:09:05,231 INFO [Thread-23][EurekaServerBootstrap.java:114] - Eureka data center value eureka.datacenter is not set, defaulting to default
2019-10-28 18:09:05,232 INFO [Thread-23][EurekaServerBootstrap.java:128] - Eureka environment value eureka.environment is not set, defaulting to test
2019-10-28 18:09:05,247 INFO [main][DirectJDKLog.java:173] - Starting ProtocolHandler ["http-nio-56080"]
2019-10-28 18:09:05,261 INFO [Thread-23][EurekaServerBootstrap.java:184] - isAws returned false
2019-10-28 18:09:05,262 INFO [Thread-23][EurekaServerBootstrap.java:152] - Initialized server context
2019-10-28 18:09:05,262 INFO [Thread-23][PeerAwareInstanceRegistryImpl.java:241] - Got 1 instances from neighboring DS node
2019-10-28 18:09:05,262 INFO [Thread-23][PeerAwareInstanceRegistryImpl.java:242] - Renew threshold is: 1
2019-10-28 18:09:05,263 INFO [Thread-23][PeerAwareInstanceRegistryImpl.java:253] - Changing status to UP
2019-10-28 18:09:05,281 INFO [Thread-23][EurekaServerInitializerConfiguration.java:72] - Started Eureka Server
2019-10-28 18:09:05,302 INFO [main][TomcatWebServer.java:204] - Tomcat started on port(s): 56080 (http) with context path ''
2019-10-28 18:09:05,304 INFO [main][EurekaAutoServiceRegistration.java:141] - Updating port to 56080
2019-10-28 18:09:05,308 INFO [main][StartupInfoLogger.java:59] - Started DiscoveryServer in 6.527 seconds (JVM running for 8.419)
2019-10-28 18:09:05,841 INFO [RMI TCP Connection(5)-10.112.12.63][DirectJDKLog.java:173] - Initializing Spring DispatcherServlet 'dispatcherServlet'
2019-10-28 18:09:05,842 INFO [RMI TCP Connection(5)-10.112.12.63][FrameworkServlet.java:524] - Initializing Servlet 'dispatcherServlet'
2019-10-28 18:09:05,853 INFO [RMI TCP Connection(5)-10.112.12.63][FrameworkServlet.java:546] - Completed initialization in 11 ms
2019-10-28 18:09:15,265 INFO [Eureka-EvictionTimer][AbstractInstanceRegistry.java:1250] - Running the evict task with compensationTime 0ms
2019-10-28 18:09:25,266 INFO [Eureka-EvictionTimer][AbstractInstanceRegistry.java:1250] - Running the evict task with compensationTime 0ms
2019-10-28 18:09:35,266 INFO [Eureka-EvictionTimer][AbstractInstanceRegistry.java:1250] - Running the evict task with compensationTime 0ms
2019-10-28 18:09:45,306 INFO [Eureka-EvictionTimer][AbstractInstanceRegistry.java:1250] - Running the evict task with compensationTime 40ms
2019-10-28 18:09:55,306 INFO [Eureka-EvictionTimer][AbstractInstanceRegistry.java:1250] - Running the evict task with compensationTime 0ms
2019-10-28 18:10:05,306 INFO [Eureka-EvictionTimer][AbstractInstanceRegistry.java:1250] - Running the evict task with compensationTime 0ms
2019-10-28 18:10:15,307 INFO [Eureka-EvictionTimer][AbstractInstanceRegistry.java:1250] - Running the evict task with compensationTime 0ms
2019-10-28 18:10:25,308 INFO [Eureka-EvictionTimer][AbstractInstanceRegistry.java:1250] - Running the evict task with compensationTime 0ms
2019-10-28 18:10:35,308 INFO [Eureka-EvictionTimer][AbstractInstanceRegistry.java:1250] - Running the evict task with compensationTime 0ms
2019-10-28 18:10:45,308 INFO [Eureka-EvictionTimer][AbstractInstanceRegistry.java:1250] - Running the evict task with compensationTime 0ms
2019-10-28 18:10:55,309 INFO [Eureka-EvictionTimer][AbstractInstanceRegistry.java:1250] - Running the evict task with compensationTime 0ms
2019-10-28 18:11:05,310 INFO [Eureka-EvictionTimer][AbstractInstanceRegistry.java:1250] - Running the evict task with compensationTime 0ms
2019-10-28 18:11:15,311 INFO [Eureka-EvictionTimer][AbstractInstanceRegistry.java:1250] - Running the evict task with compensationTime 0ms
2019-10-28 18:11:25,311 INFO [Eureka-EvictionTimer][AbstractInstanceRegistry.java:1250] - Running the evict task with compensationTime 0ms
2019-10-28 18:11:35,311 INFO [Eureka-EvictionTimer][AbstractInstanceRegistry.java:1250] - Running the evict task with compensationTime 0ms
2019-10-28 18:11:45,312 INFO [Eureka-EvictionTimer][AbstractInstanceRegistry.java:1250] - Running the evict task with compensationTime 0ms
2019-10-28 18:11:55,312 INFO [Eureka-EvictionTimer][AbstractInstanceRegistry.java:1250] - Running the evict task with compensationTime 0ms
2019-10-28 18:12:05,312 INFO [Eureka-EvictionTimer][AbstractInstanceRegistry.java:1250] - Running the evict task with compensationTime 0ms
2019-10-28 18:12:15,313 INFO [Eureka-EvictionTimer][AbstractInstanceRegistry.java:1250] - Running the evict task with compensationTime 0ms
2019-10-28 18:12:25,314 INFO [Eureka-EvictionTimer][AbstractInstanceRegistry.java:1250] - Running the evict task with compensationTime 1ms
2019-10-28 18:12:35,314 INFO [Eureka-EvictionTimer][AbstractInstanceRegistry.java:1250] - Running the evict task with compensationTime 0ms
2019-10-28 18:12:45,315 INFO [Eureka-EvictionTimer][AbstractInstanceRegistry.java:1250] - Running the evict task with compensationTime 0ms
2019-10-28 18:12:55,316 INFO [Eureka-EvictionTimer][AbstractInstanceRegistry.java:1250] - Running the evict task with compensationTime 0ms
2019-10-28 18:13:05,316 INFO [Eureka-EvictionTimer][AbstractInstanceRegistry.java:1250] - Running the evict task with compensationTime 0ms
2019-10-28 18:13:15,316 INFO [Eureka-EvictionTimer][AbstractInstanceRegistry.java:1250] - Running the evict task with compensationTime 0ms
2019-10-28 18:13:25,317 INFO [Eureka-EvictionTimer][AbstractInstanceRegistry.java:1250] - Running the evict task with compensationTime 0ms
2019-10-28 18:13:35,317 INFO [Eureka-EvictionTimer][AbstractInstanceRegistry.java:1250] - Running the evict task with compensationTime 0ms
2019-10-28 18:13:45,318 INFO [Eureka-EvictionTimer][AbstractInstanceRegistry.java:1250] - Running the evict task with compensationTime 0ms
2019-10-28 18:13:55,318 INFO [Eureka-EvictionTimer][AbstractInstanceRegistry.java:1250] - Running the evict task with compensationTime 0ms
2019-10-28 18:14:05,319 INFO [Eureka-EvictionTimer][AbstractInstanceRegistry.java:1250] - Running the evict task with compensationTime 0ms
2019-10-28 18:14:15,319 INFO [Eureka-EvictionTimer][AbstractInstanceRegistry.java:1250] - Running the evict task with compensationTime 0ms
2019-10-28 18:14:25,319 INFO [Eureka-EvictionTimer][AbstractInstanceRegistry.java:1250] - Running the evict task with compensationTime 0ms
2019-10-28 18:14:35,320 INFO [Eureka-EvictionTimer][AbstractInstanceRegistry.java:1250] - Running the evict task with compensationTime 0ms
2019-10-28 18:14:45,321 INFO [Eureka-EvictionTimer][AbstractInstanceRegistry.java:1250] - Running the evict task with compensationTime 1ms
2019-10-28 18:14:55,322 INFO [Eureka-EvictionTimer][AbstractInstanceRegistry.java:1250] - Running the evict task with compensationTime 0ms
2019-10-28 18:15:05,322 INFO [Eureka-EvictionTimer][AbstractInstanceRegistry.java:1250] - Running the evict task with compensationTime 0ms
2019-10-28 18:15:15,322 INFO [Eureka-EvictionTimer][AbstractInstanceRegistry.java:1250] - Running the evict task with compensationTime 0ms
2019-10-28 18:15:25,323 INFO [Eureka-EvictionTimer][AbstractInstanceRegistry.java:1250] - Running the evict task with compensationTime 0ms
2019-10-28 18:15:35,323 INFO [Eureka-EvictionTimer][AbstractInstanceRegistry.java:1250] - Running the evict task with compensationTime 0ms
2019-10-28 18:15:45,324 INFO [Eureka-EvictionTimer][AbstractInstanceRegistry.java:1250] - Running the evict task with compensationTime 0ms
2019-10-28 18:15:55,325 INFO [Eureka-EvictionTimer][AbstractInstanceRegistry.java:1250] - Running the evict task with compensationTime 0ms
2019-10-28 18:16:05,326 INFO [Eureka-EvictionTimer][AbstractInstanceRegistry.java:1250] - Running the evict task with compensationTime 1ms
2019-10-28 18:16:15,326 INFO [Eureka-EvictionTimer][AbstractInstanceRegistry.java:1250] - Running the evict task with compensationTime 0ms
2019-10-28 18:16:25,327 INFO [Eureka-EvictionTimer][AbstractInstanceRegistry.java:1250] - Running the evict task with compensationTime 0ms
2019-10-28 18:16:35,327 INFO [Eureka-EvictionTimer][AbstractInstanceRegistry.java:1250] - Running the evict task with compensationTime 0ms
2019-10-28 18:16:45,328 INFO [Eureka-EvictionTimer][AbstractInstanceRegistry.java:1250] - Running the evict task with compensationTime 0ms
2019-10-28 18:16:55,328 INFO [Eureka-EvictionTimer][AbstractInstanceRegistry.java:1250] - Running the evict task with compensationTime 0ms
2019-10-28 18:17:05,328 INFO [Eureka-EvictionTimer][AbstractInstanceRegistry.java:1250] - Running the evict task with compensationTime 0ms
2019-10-28 18:17:15,328 INFO [Eureka-EvictionTimer][AbstractInstanceRegistry.java:1250] - Running the evict task with compensationTime 0ms
2019-10-28 18:17:25,329 INFO [Eureka-EvictionTimer][AbstractInstanceRegistry.java:1250] - Running the evict task with compensationTime 0ms
2019-10-28 18:17:35,330 INFO [Eureka-EvictionTimer][AbstractInstanceRegistry.java:1250] - Running the evict task with compensationTime 0ms
2019-10-28 18:17:45,330 INFO [Eureka-EvictionTimer][AbstractInstanceRegistry.java:1250] - Running the evict task with compensationTime 0ms
2019-10-28 18:17:55,331 INFO [Eureka-EvictionTimer][AbstractInstanceRegistry.java:1250] - Running the evict task with compensationTime 0ms
2019-10-28 18:18:05,331 INFO [Eureka-EvictionTimer][AbstractInstanceRegistry.java:1250] - Running the evict task with compensationTime 0ms
2019-10-28 18:18:15,332 INFO [Eureka-EvictionTimer][AbstractInstanceRegistry.java:1250] - Running the evict task with compensationTime 0ms
2019-10-28 18:18:25,333 INFO [Eureka-EvictionTimer][AbstractInstanceRegistry.java:1250] - Running the evict task with compensationTime 0ms
2019-10-28 18:18:35,333 INFO [Eureka-EvictionTimer][AbstractInstanceRegistry.java:1250] - Running the evict task with compensationTime 0ms
2019-10-28 18:18:45,334 INFO [Eureka-EvictionTimer][AbstractInstanceRegistry.java:1250] - Running the evict task with compensationTime 0ms
2019-10-28 18:18:55,334 INFO [Eureka-EvictionTimer][AbstractInstanceRegistry.java:1250] - Running the evict task with compensationTime 0ms
2019-10-28 18:19:05,334 INFO [Eureka-EvictionTimer][AbstractInstanceRegistry.java:1250] - Running the evict task with compensationTime 0ms
2019-10-28 18:19:15,335 INFO [Eureka-EvictionTimer][AbstractInstanceRegistry.java:1250] - Running the evict task with compensationTime 0ms
2019-10-28 18:19:25,336 INFO [Eureka-EvictionTimer][AbstractInstanceRegistry.java:1250] - Running the evict task with compensationTime 0ms
2019-10-28 18:19:35,337 INFO [Eureka-EvictionTimer][AbstractInstanceRegistry.java:1250] - Running the evict task with compensationTime 0ms
2019-10-28 18:19:45,337 INFO [Eureka-EvictionTimer][AbstractInstanceRegistry.java:1250] - Running the evict task with compensationTime 0ms
2019-10-28 18:19:49,932 INFO [http-nio-56080-exec-2][AbstractInstanceRegistry.java:266] - Registered instance TCC-DEMO-BANK1/tcc-demo-bank1:192.168.255.1:56081 with status UP (replication=false)
2019-10-28 18:19:50,519 INFO [http-nio-56080-exec-3][AbstractInstanceRegistry.java:266] - Registered instance TCC-DEMO-BANK1/tcc-demo-bank1:192.168.255.1:56081 with status UP (replication=true)
2019-10-28 18:19:55,338 INFO [Eureka-EvictionTimer][AbstractInstanceRegistry.java:1250] - Running the evict task with compensationTime 0ms
2019-10-28 18:20:04,378 INFO [http-nio-56080-exec-1][AbstractInstanceRegistry.java:266] - Registered instance TCC-DEMO-BANK2/tcc-demo-bank2:192.168.255.1:56082 with status UP (replication=false)
2019-10-28 18:20:04,892 INFO [http-nio-56080-exec-3][AbstractInstanceRegistry.java:266] - Registered instance TCC-DEMO-BANK2/tcc-demo-bank2:192.168.255.1:56082 with status UP (replication=true)
2019-10-28 18:20:05,338 INFO [Eureka-EvictionTimer][AbstractInstanceRegistry.java:1250] - Running the evict task with compensationTime 0ms
2019-10-28 18:20:15,338 INFO [Eureka-EvictionTimer][AbstractInstanceRegistry.java:1250] - Running the evict task with compensationTime 0ms
2019-10-28 18:20:25,339 INFO [Eureka-EvictionTimer][AbstractInstanceRegistry.java:1250] - Running the evict task with compensationTime 0ms
2019-10-28 18:20:35,339 INFO [Eureka-EvictionTimer][AbstractInstanceRegistry.java:1250] - Running the evict task with compensationTime 0ms
2019-10-28 18:20:45,340 INFO [Eureka-EvictionTimer][AbstractInstanceRegistry.java:1250] - Running the evict task with compensationTime 0ms
2019-10-28 18:20:55,341 INFO [Eureka-EvictionTimer][AbstractInstanceRegistry.java:1250] - Running the evict task with compensationTime 0ms
2019-10-28 18:21:05,341 INFO [Eureka-EvictionTimer][AbstractInstanceRegistry.java:1250] - Running the evict task with compensationTime 0ms
2019-10-28 18:21:15,342 INFO [Eureka-EvictionTimer][AbstractInstanceRegistry.java:1250] - Running the evict task with compensationTime 0ms
2019-10-28 18:21:25,343 INFO [Eureka-EvictionTimer][AbstractInstanceRegistry.java:1250] - Running the evict task with compensationTime 0ms
2019-10-28 18:21:35,343 INFO [Eureka-EvictionTimer][AbstractInstanceRegistry.java:1250] - Running the evict task with compensationTime 0ms
2019-10-28 18:21:45,344 INFO [Eureka-EvictionTimer][AbstractInstanceRegistry.java:1250] - Running the evict task with compensationTime 0ms
2019-10-28 18:21:55,345 INFO [Eureka-EvictionTimer][AbstractInstanceRegistry.java:1250] - Running the evict task with compensationTime 0ms
2019-10-28 18:22:05,345 INFO [Eureka-EvictionTimer][AbstractInstanceRegistry.java:1250] - Running the evict task with compensationTime 0ms
2019-10-28 18:22:06,549 INFO [http-nio-56080-exec-1][AbstractInstanceRegistry.java:266] - Registered instance TCC-DEMO-BANK1/tcc-demo-bank1:192.168.255.1:56081 with status UP (replication=false)
2019-10-28 18:22:07,072 INFO [http-nio-56080-exec-2][AbstractInstanceRegistry.java:266] - Registered instance TCC-DEMO-BANK1/tcc-demo-bank1:192.168.255.1:56081 with status UP (replication=true)
2019-10-28 18:22:09,524 INFO [http-nio-56080-exec-5][AbstractInstanceRegistry.java:266] - Registered instance TCC-DEMO-BANK2/tcc-demo-bank2:192.168.255.1:56082 with status UP (replication=false)
2019-10-28 18:22:10,029 INFO [http-nio-56080-exec-4][AbstractInstanceRegistry.java:266] - Registered instance TCC-DEMO-BANK2/tcc-demo-bank2:192.168.255.1:56082 with status UP (replication=true)
2019-10-28 18:22:15,347 INFO [Eureka-EvictionTimer][AbstractInstanceRegistry.java:1250] - Running the evict task with compensationTime 2ms
2019-10-28 18:22:25,347 INFO [Eureka-EvictionTimer][AbstractInstanceRegistry.java:1250] - Running the evict task with compensationTime 0ms
2019-10-28 18:22:35,348 INFO [Eureka-EvictionTimer][AbstractInstanceRegistry.java:1250] - Running the evict task with compensationTime 0ms
2019-10-28 18:22:45,348 INFO [Eureka-EvictionTimer][AbstractInstanceRegistry.java:1250] - Running the evict task with compensationTime 0ms
2019-10-28 18:22:55,349 INFO [Eureka-EvictionTimer][AbstractInstanceRegistry.java:1250] - Running the evict task with compensationTime 0ms
2019-10-28 18:23:05,349 INFO [Eureka-EvictionTimer][AbstractInstanceRegistry.java:1250] - Running the evict task with compensationTime 0ms
2019-10-28 18:23:15,350 INFO [Eureka-EvictionTimer][AbstractInstanceRegistry.java:1250] - Running the evict task with compensationTime 0ms
2019-10-28 18:23:22,537 INFO [http-nio-56080-exec-6][AbstractInstanceRegistry.java:266] - Registered instance TCC-DEMO-BANK1/tcc-demo-bank1:192.168.255.1:56081 with status UP (replication=false)
2019-10-28 18:23:23,049 INFO [http-nio-56080-exec-8][AbstractInstanceRegistry.java:266] - Registered instance TCC-DEMO-BANK1/tcc-demo-bank1:192.168.255.1:56081 with status UP (replication=true)
2019-10-28 18:23:25,351 INFO [Eureka-EvictionTimer][AbstractInstanceRegistry.java:1250] - Running the evict task with compensationTime 0ms
2019-10-28 18:23:25,351 INFO [Eureka-EvictionTimer][AbstractInstanceRegistry.java:611] - Evicting 1 items (expired=1, evictionLimit=1)
2019-10-28 18:23:25,351 WARN [Eureka-EvictionTimer][AbstractInstanceRegistry.java:623] - DS: Registry: expired lease for TCC-DEMO-BANK2/tcc-demo-bank2:192.168.255.1:56082
2019-10-28 18:23:25,352 INFO [Eureka-EvictionTimer][AbstractInstanceRegistry.java:330] - Cancelled instance TCC-DEMO-BANK2/tcc-demo-bank2:192.168.255.1:56082 (replication=false)
2019-10-28 18:23:35,351 INFO [Eureka-EvictionTimer][AbstractInstanceRegistry.java:1250] - Running the evict task with compensationTime 0ms
2019-10-28 18:23:45,353 INFO [Eureka-EvictionTimer][AbstractInstanceRegistry.java:1250] - Running the evict task with compensationTime 1ms
2019-10-28 18:23:55,352 INFO [Eureka-EvictionTimer][AbstractInstanceRegistry.java:1250] - Running the evict task with compensationTime 0ms
2019-10-28 18:24:05,151 INFO [ReplicaAwareInstanceRegistry - RenewalThresholdUpdater][PeerAwareInstanceRegistryImpl.java:539] - Current renewal threshold is : 0
2019-10-28 18:24:05,352 INFO [Eureka-EvictionTimer][AbstractInstanceRegistry.java:1250] - Running the evict task with compensationTime 0ms
2019-10-28 18:24:15,353 INFO [Eureka-EvictionTimer][AbstractInstanceRegistry.java:1250] - Running the evict task with compensationTime 0ms
2019-10-28 18:24:25,353 INFO [Eureka-EvictionTimer][AbstractInstanceRegistry.java:1250] - Running the evict task with compensationTime 0ms
2019-10-28 18:24:35,353 INFO [Eureka-EvictionTimer][AbstractInstanceRegistry.java:1250] - Running the evict task with compensationTime 0ms
2019-10-28 18:24:45,353 INFO [Eureka-EvictionTimer][AbstractInstanceRegistry.java:1250] - Running the evict task with compensationTime 0ms
2019-10-28 18:24:52,004 INFO [http-nio-56080-exec-5][AbstractInstanceRegistry.java:266] - Registered instance SEATA-DEMO-BANK1/seata-demo-bank1:192.168.255.1:56081 with status UP (replication=false)
2019-10-28 18:24:52,512 INFO [http-nio-56080-exec-7][AbstractInstanceRegistry.java:266] - Registered instance SEATA-DEMO-BANK1/seata-demo-bank1:192.168.255.1:56081 with status UP (replication=true)
2019-10-28 18:24:55,354 INFO [Eureka-EvictionTimer][AbstractInstanceRegistry.java:1250] - Running the evict task with compensationTime 0ms
2019-10-28 18:24:55,354 INFO [Eureka-EvictionTimer][AbstractInstanceRegistry.java:611] - Evicting 1 items (expired=1, evictionLimit=1)
2019-10-28 18:24:55,354 WARN [Eureka-EvictionTimer][AbstractInstanceRegistry.java:623] - DS: Registry: expired lease for TCC-DEMO-BANK1/tcc-demo-bank1:192.168.255.1:56081
2019-10-28 18:24:55,354 INFO [Eureka-EvictionTimer][AbstractInstanceRegistry.java:330] - Cancelled instance TCC-DEMO-BANK1/tcc-demo-bank1:192.168.255.1:56081 (replication=false)
2019-10-28 18:25:05,354 INFO [Eureka-EvictionTimer][AbstractInstanceRegistry.java:1250] - Running the evict task with compensationTime 0ms
2019-10-28 18:25:15,354 INFO [Eureka-EvictionTimer][AbstractInstanceRegistry.java:1250] - Running the evict task with compensationTime 0ms
2019-10-28 18:25:25,355 INFO [Eureka-EvictionTimer][AbstractInstanceRegistry.java:1250] - Running the evict task with compensationTime 0ms
2019-10-28 18:25:31,976 INFO [http-nio-56080-exec-8][AbstractInstanceRegistry.java:266] - Registered instance TCC-DEMO-BANK2/tcc-demo-bank2:192.168.255.1:56082 with status UP (replication=false)
2019-10-28 18:25:32,483 INFO [http-nio-56080-exec-9][AbstractInstanceRegistry.java:266] - Registered instance TCC-DEMO-BANK2/tcc-demo-bank2:192.168.255.1:56082 with status UP (replication=true)
2019-10-28 18:25:35,355 INFO [Eureka-EvictionTimer][AbstractInstanceRegistry.java:1250] - Running the evict task with compensationTime 0ms
2019-10-28 18:25:35,355 INFO [Eureka-EvictionTimer][AbstractInstanceRegistry.java:611] - Evicting 1 items (expired=1, evictionLimit=1)
2019-10-28 18:25:35,356 WARN [Eureka-EvictionTimer][AbstractInstanceRegistry.java:623] - DS: Registry: expired lease for SEATA-DEMO-BANK1/seata-demo-bank1:192.168.255.1:56081
2019-10-28 18:25:35,356 INFO [Eureka-EvictionTimer][AbstractInstanceRegistry.java:330] - Cancelled instance SEATA-DEMO-BANK1/seata-demo-bank1:192.168.255.1:56081 (replication=false)
2019-10-28 18:25:45,355 INFO [Eureka-EvictionTimer][AbstractInstanceRegistry.java:1250] - Running the evict task with compensationTime 0ms
2019-10-28 18:25:55,355 INFO [Eureka-EvictionTimer][AbstractInstanceRegistry.java:1250] - Running the evict task with compensationTime 0ms
2019-10-28 18:26:05,356 INFO [Eureka-EvictionTimer][AbstractInstanceRegistry.java:1250] - Running the evict task with compensationTime 0ms
2019-10-28 18:26:15,356 INFO [Eureka-EvictionTimer][AbstractInstanceRegistry.java:1250] - Running the evict task with compensationTime 0ms
2019-10-28 18:26:25,357 INFO [Eureka-EvictionTimer][AbstractInstanceRegistry.java:1250] - Running the evict task with compensationTime 0ms
2019-10-28 18:26:35,358 INFO [Eureka-EvictionTimer][AbstractInstanceRegistry.java:1250] - Running the evict task with compensationTime 0ms
2019-10-28 18:26:45,358 INFO [Eureka-EvictionTimer][AbstractInstanceRegistry.java:1250] - Running the evict task with compensationTime 0ms
2019-10-28 18:26:55,359 INFO [Eureka-EvictionTimer][AbstractInstanceRegistry.java:1250] - Running the evict task with compensationTime 0ms
2019-10-28 18:27:05,359 INFO [Eureka-EvictionTimer][AbstractInstanceRegistry.java:1250] - Running the evict task with compensationTime 0ms
2019-10-28 18:27:15,359 INFO [Eureka-EvictionTimer][AbstractInstanceRegistry.java:1250] - Running the evict task with compensationTime 0ms
2019-10-28 18:27:25,360 INFO [Eureka-EvictionTimer][AbstractInstanceRegistry.java:1250] - Running the evict task with compensationTime 0ms
2019-10-28 18:27:35,360 INFO [Eureka-EvictionTimer][AbstractInstanceRegistry.java:1250] - Running the evict task with compensationTime 0ms
2019-10-28 18:27:45,361 INFO [Eureka-EvictionTimer][AbstractInstanceRegistry.java:1250] - Running the evict task with compensationTime 0ms
2019-10-28 18:27:55,362 INFO [Eureka-EvictionTimer][AbstractInstanceRegistry.java:1250] - Running the evict task with compensationTime 0ms
2019-10-28 18:28:05,362 INFO [Eureka-EvictionTimer][AbstractInstanceRegistry.java:1250] - Running the evict task with compensationTime 0ms
2019-10-28 18:28:15,362 INFO [Eureka-EvictionTimer][AbstractInstanceRegistry.java:1250] - Running the evict task with compensationTime 0ms
2019-10-28 18:28:25,364 INFO [Eureka-EvictionTimer][AbstractInstanceRegistry.java:1250] - Running the evict task with compensationTime 1ms
2019-10-28 18:28:35,365 INFO [Eureka-EvictionTimer][AbstractInstanceRegistry.java:1250] - Running the evict task with compensationTime 0ms
2019-10-28 18:28:45,365 INFO [Eureka-EvictionTimer][AbstractInstanceRegistry.java:1250] - Running the evict task with compensationTime 0ms
2019-10-28 18:28:55,366 INFO [Eureka-EvictionTimer][AbstractInstanceRegistry.java:1250] - Running the evict task with compensationTime 0ms
2019-10-28 18:29:05,372 INFO [Eureka-EvictionTimer][AbstractInstanceRegistry.java:1250] - Running the evict task with compensationTime 6ms
2019-10-28 18:29:12,070 INFO [http-nio-56080-exec-6][AbstractInstanceRegistry.java:266] - Registered instance TCC-DEMO-BANK1/tcc-demo-bank1:192.168.255.1:56081 with status UP (replication=false)
2019-10-28 18:29:12,617 INFO [http-nio-56080-exec-4][AbstractInstanceRegistry.java:266] - Registered instance TCC-DEMO-BANK1/tcc-demo-bank1:192.168.255.1:56081 with status UP (replication=true)
2019-10-28 18:29:15,372 INFO [Eureka-EvictionTimer][AbstractInstanceRegistry.java:1250] - Running the evict task with compensationTime 0ms
2019-10-28 18:29:25,372 INFO [Eureka-EvictionTimer][AbstractInstanceRegistry.java:1250] - Running the evict task with compensationTime 0ms
2019-10-28 18:29:25,372 INFO [Eureka-EvictionTimer][AbstractInstanceRegistry.java:611] - Evicting 1 items (expired=1, evictionLimit=1)
2019-10-28 18:29:25,372 WARN [Eureka-EvictionTimer][AbstractInstanceRegistry.java:623] - DS: Registry: expired lease for TCC-DEMO-BANK2/tcc-demo-bank2:192.168.255.1:56082
2019-10-28 18:29:25,372 INFO [Eureka-EvictionTimer][AbstractInstanceRegistry.java:330] - Cancelled instance TCC-DEMO-BANK2/tcc-demo-bank2:192.168.255.1:56082 (replication=false)
2019-10-28 18:29:29,533 INFO [http-nio-56080-exec-9][AbstractInstanceRegistry.java:266] - Registered instance TCC-DEMO-BANK2/tcc-demo-bank2:192.168.255.1:56082 with status UP (replication=false)
2019-10-28 18:29:30,039 INFO [http-nio-56080-exec-8][AbstractInstanceRegistry.java:266] - Registered instance TCC-DEMO-BANK2/tcc-demo-bank2:192.168.255.1:56082 with status UP (replication=true)
2019-10-28 18:29:35,373 INFO [Eureka-EvictionTimer][AbstractInstanceRegistry.java:1250] - Running the evict task with compensationTime 0ms
2019-10-28 18:29:45,374 INFO [Eureka-EvictionTimer][AbstractInstanceRegistry.java:1250] - Running the evict task with compensationTime 0ms
2019-10-28 18:29:55,374 INFO [Eureka-EvictionTimer][AbstractInstanceRegistry.java:1250] - Running the evict task with compensationTime 0ms
2019-10-28 18:30:05,375 INFO [Eureka-EvictionTimer][AbstractInstanceRegistry.java:1250] - Running the evict task with compensationTime 0ms
2019-10-28 18:30:15,375 INFO [Eureka-EvictionTimer][AbstractInstanceRegistry.java:1250] - Running the evict task with compensationTime 0ms
2019-10-28 18:30:25,375 INFO [Eureka-EvictionTimer][AbstractInstanceRegistry.java:1250] - Running the evict task with compensationTime 0ms
2019-10-28 18:30:35,375 INFO [Eureka-EvictionTimer][AbstractInstanceRegistry.java:1250] - Running the evict task with compensationTime 0ms
2019-10-28 18:30:45,375 INFO [Eureka-EvictionTimer][AbstractInstanceRegistry.java:1250] - Running the evict task with compensationTime 0ms
2019-10-28 18:30:55,376 INFO [Eureka-EvictionTimer][AbstractInstanceRegistry.java:1250] - Running the evict task with compensationTime 0ms
2019-10-28 18:31:05,376 INFO [Eureka-EvictionTimer][AbstractInstanceRegistry.java:1250] - Running the evict task with compensationTime 0ms
2019-10-28 18:31:15,376 INFO [Eureka-EvictionTimer][AbstractInstanceRegistry.java:1250] - Running the evict task with compensationTime 0ms
2019-10-28 18:31:25,376 INFO [Eureka-EvictionTimer][AbstractInstanceRegistry.java:1250] - Running the evict task with compensationTime 0ms
2019-10-28 18:31:35,376 INFO [Eureka-EvictionTimer][AbstractInstanceRegistry.java:1250] - Running the evict task with compensationTime 0ms
2019-10-28 18:31:45,376 INFO [Eureka-EvictionTimer][AbstractInstanceRegistry.java:1250] - Running the evict task with compensationTime 0ms
2019-10-28 18:31:55,376 INFO [Eureka-EvictionTimer][AbstractInstanceRegistry.java:1250] - Running the evict task with compensationTime 0ms
2019-10-28 18:32:05,377 INFO [Eureka-EvictionTimer][AbstractInstanceRegistry.java:1250] - Running the evict task with compensationTime 0ms
2019-10-28 18:32:15,378 INFO [Eureka-EvictionTimer][AbstractInstanceRegistry.java:1250] - Running the evict task with compensationTime 0ms
2019-10-28 18:32:25,412 INFO [Eureka-EvictionTimer][AbstractInstanceRegistry.java:1250] - Running the evict task with compensationTime 35ms
2019-10-28 18:32:35,413 INFO [Eureka-EvictionTimer][AbstractInstanceRegistry.java:1250] - Running the evict task with compensationTime 0ms
2019-10-28 18:32:35,975 INFO [http-nio-56080-exec-4][AbstractInstanceRegistry.java:266] - Registered instance TCC-DEMO-BANK1/tcc-demo-bank1:192.168.255.1:56081 with status UP (replication=false)
2019-10-28 18:32:36,484 INFO [http-nio-56080-exec-8][AbstractInstanceRegistry.java:266] - Registered instance TCC-DEMO-BANK1/tcc-demo-bank1:192.168.255.1:56081 with status UP (replication=true)
2019-10-28 18:32:45,414 INFO [Eureka-EvictionTimer][AbstractInstanceRegistry.java:1250] - Running the evict task with compensationTime 1ms
2019-10-28 18:32:55,414 INFO [Eureka-EvictionTimer][AbstractInstanceRegistry.java:1250] - Running the evict task with compensationTime 0ms
2019-10-28 18:33:05,415 INFO [Eureka-EvictionTimer][AbstractInstanceRegistry.java:1250] - Running the evict task with compensationTime 0ms
2019-10-28 18:33:15,415 INFO [Eureka-EvictionTimer][AbstractInstanceRegistry.java:1250] - Running the evict task with compensationTime 0ms
2019-10-28 18:33:25,416 INFO [Eureka-EvictionTimer][AbstractInstanceRegistry.java:1250] - Running the evict task with compensationTime 0ms
2019-10-28 18:33:35,416 INFO [Eureka-EvictionTimer][AbstractInstanceRegistry.java:1250] - Running the evict task with compensationTime 0ms
2019-10-28 18:33:45,417 INFO [Eureka-EvictionTimer][AbstractInstanceRegistry.java:1250] - Running the evict task with compensationTime 0ms
2019-10-28 18:33:55,417 INFO [Eureka-EvictionTimer][AbstractInstanceRegistry.java:1250] - Running the evict task with compensationTime 0ms
2019-10-28 18:34:05,418 INFO [Eureka-EvictionTimer][AbstractInstanceRegistry.java:1250] - Running the evict task with compensationTime 0ms
2019-10-28 18:34:15,418 INFO [Eureka-EvictionTimer][AbstractInstanceRegistry.java:1250] - Running the evict task with compensationTime 0ms
2019-10-28 18:34:25,419 INFO [Eureka-EvictionTimer][AbstractInstanceRegistry.java:1250] - Running the evict task with compensationTime 0ms
2019-10-28 18:34:35,419 INFO [Eureka-EvictionTimer][AbstractInstanceRegistry.java:1250] - Running the evict task with compensationTime 0ms
2019-10-28 18:34:45,420 INFO [Eureka-EvictionTimer][AbstractInstanceRegistry.java:1250] - Running the evict task with compensationTime 1ms
2019-10-28 18:34:55,420 INFO [Eureka-EvictionTimer][AbstractInstanceRegistry.java:1250] - Running the evict task with compensationTime 0ms
2019-10-28 18:35:05,420 INFO [Eureka-EvictionTimer][AbstractInstanceRegistry.java:1250] - Running the evict task with compensationTime 0ms
2019-10-28 18:35:15,421 INFO [Eureka-EvictionTimer][AbstractInstanceRegistry.java:1250] - Running the evict task with compensationTime 0ms
2019-10-28 18:35:25,422 INFO [Eureka-EvictionTimer][AbstractInstanceRegistry.java:1250] - Running the evict task with compensationTime 0ms
2019-10-28 18:35:35,422 INFO [Eureka-EvictionTimer][AbstractInstanceRegistry.java:1250] - Running the evict task with compensationTime 0ms
2019-10-28 18:35:45,422 INFO [Eureka-EvictionTimer][AbstractInstanceRegistry.java:1250] - Running the evict task with compensationTime 0ms
2019-10-28 18:35:55,423 INFO [Eureka-EvictionTimer][AbstractInstanceRegistry.java:1250] - Running the evict task with compensationTime 0ms
2019-10-28 18:36:05,424 INFO [Eureka-EvictionTimer][AbstractInstanceRegistry.java:1250] - Running the evict task with compensationTime 0ms
2019-10-28 18:36:15,425 INFO [Eureka-EvictionTimer][AbstractInstanceRegistry.java:1250] - Running the evict task with compensationTime 0ms
2019-10-28 18:36:25,426 INFO [Eureka-EvictionTimer][AbstractInstanceRegistry.java:1250] - Running the evict task with compensationTime 0ms
